Determining if the pthread_create exist failed with the following output:
Change Dir: /home/puppet/demo_ws/build/CMakeFiles/CMakeTmp

Run Build Command:"/usr/bin/make" "cmTC_71d9c/fast"
/usr/bin/make -f CMakeFiles/cmTC_71d9c.dir/build.make CMakeFiles/cmTC_71d9c.dir/build
make[1]: 进入目录“/home/puppet/demo_ws/build/CMakeFiles/CMakeTmp”
Building C object CMakeFiles/cmTC_71d9c.dir/CheckSymbolExists.c.o
/usr/bin/cc    -o CMakeFiles/cmTC_71d9c.dir/CheckSymbolExists.c.o   -c /home/puppet/demo_ws/build/CMakeFiles/CMakeTmp/CheckSymbolExists.c
Linking C executable cmTC_71d9c
/usr/bin/cmake -E cmake_link_script CMakeFiles/cmTC_71d9c.dir/link.txt --verbose=1
/usr/bin/cc      -rdynamic CMakeFiles/cmTC_71d9c.dir/CheckSymbolExists.c.o  -o cmTC_71d9c 
CMakeFiles/cmTC_71d9c.dir/CheckSymbolExists.c.o：在函数‘main’中：
CheckSymbolExists.c:(.text+0x1b)：对‘pthread_create’未定义的引用
collect2: error: ld returned 1 exit status
CMakeFiles/cmTC_71d9c.dir/build.make:97: recipe for target 'cmTC_71d9c' failed
make[1]: *** [cmTC_71d9c] Error 1
make[1]: 离开目录“/home/puppet/demo_ws/build/CMakeFiles/CMakeTmp”
Makefile:126: recipe for target 'cmTC_71d9c/fast' failed
make: *** [cmTC_71d9c/fast] Error 2

File /home/puppet/demo_ws/build/CMakeFiles/CMakeTmp/CheckSymbolExists.c:
/* */
#include <pthread.h>

int main(int argc, char** argv)
{
  (void)argv;
#ifndef pthread_create
  return ((int*)(&pthread_create))[argc];
#else
  (void)argc;
  return 0;
#endif
}

Determining if the function pthread_create exists in the pthreads failed with the following output:
Change Dir: /home/puppet/demo_ws/build/CMakeFiles/CMakeTmp

Run Build Command:"/usr/bin/make" "cmTC_bb3dc/fast"
/usr/bin/make -f CMakeFiles/cmTC_bb3dc.dir/build.make CMakeFiles/cmTC_bb3dc.dir/build
make[1]: 进入目录“/home/puppet/demo_ws/build/CMakeFiles/CMakeTmp”
Building C object CMakeFiles/cmTC_bb3dc.dir/CheckFunctionExists.c.o
/usr/bin/cc   -DCHECK_FUNCTION_EXISTS=pthread_create   -o CMakeFiles/cmTC_bb3dc.dir/CheckFunctionExists.c.o   -c /usr/share/cmake-3.10/Modules/CheckFunctionExists.c
Linking C executable cmTC_bb3dc
/usr/bin/cmake -E cmake_link_script CMakeFiles/cmTC_bb3dc.dir/link.txt --verbose=1
/usr/bin/cc  -DCHECK_FUNCTION_EXISTS=pthread_create    -rdynamic CMakeFiles/cmTC_bb3dc.dir/CheckFunctionExists.c.o  -o cmTC_bb3dc -lpthreads 
/usr/bin/ld: 找不到 -lpthreads
collect2: error: ld returned 1 exit status
CMakeFiles/cmTC_bb3dc.dir/build.make:97: recipe for target 'cmTC_bb3dc' failed
make[1]: *** [cmTC_bb3dc] Error 1
make[1]: 离开目录“/home/puppet/demo_ws/build/CMakeFiles/CMakeTmp”
Makefile:126: recipe for target 'cmTC_bb3dc/fast' failed
make: *** [cmTC_bb3dc/fast] Error 2


